This is pdfTeX, Version 3.14159265-2.6-1.40.20 (TeX Live 2019/W32TeX) (preloaded format=pdflatex 2020.1.18)  16 FEB 2020 23:58
entering extended mode
 restricted \write18 enabled.
 %&-line parsing enabled.
**report.tex
(./report.tex
LaTeX2e <2019-10-01> patch level 3
(c:/texlive/2019/texmf-dist/tex/latex/base/article.cls
Document Class: article 2019/10/25 v1.4k Standard LaTeX document class
(c:/texlive/2019/texmf-dist/tex/latex/base/size12.clo
File: size12.clo 2019/10/25 v1.4k Standard LaTeX file (size option)
)
\c@part=\count80
\c@section=\count81
\c@subsection=\count82
\c@subsubsection=\count83
\c@paragraph=\count84
\c@subparagraph=\count85
\c@figure=\count86
\c@table=\count87
\abovecaptionskip=\skip41
\belowcaptionskip=\skip42
\bibindent=\dimen102
)
(c:/texlive/2019/texmf-dist/tex/latex/graphics/graphicx.sty
Package: graphicx 2017/06/01 v1.1a Enhanced LaTeX Graphics (DPC,SPQR)

(c:/texlive/2019/texmf-dist/tex/latex/graphics/keyval.sty
Package: keyval 2014/10/28 v1.15 key=value parser (DPC)
\KV@toks@=\toks14
)
(c:/texlive/2019/texmf-dist/tex/latex/graphics/graphics.sty
Package: graphics 2019/11/01 v1.3d Standard LaTeX Graphics (DPC,SPQR)

(c:/texlive/2019/texmf-dist/tex/latex/graphics/trig.sty
Package: trig 2016/01/03 v1.10 sin cos tan (DPC)
)
(c:/texlive/2019/texmf-dist/tex/latex/graphics-cfg/graphics.cfg
File: graphics.cfg 2016/06/04 v1.11 sample graphics configuration
)
Package graphics Info: Driver file: pdftex.def on input line 105.

(c:/texlive/2019/texmf-dist/tex/latex/graphics-def/pdftex.def
File: pdftex.def 2018/01/08 v1.0l Graphics/color driver for pdftex
))
\Gin@req@height=\dimen103
\Gin@req@width=\dimen104
)
(c:/texlive/2019/texmf-dist/tex/latex/paralist/paralist.sty
Package: paralist 2017/01/22 v2.7 Extended list environments
\pltopsep=\skip43
\plpartopsep=\skip44
\plitemsep=\skip45
\plparsep=\skip46
\pl@lab=\toks15
)
(c:/texlive/2019/texmf-dist/tex/latex/listings/listings.sty
\lst@mode=\count88
\lst@gtempboxa=\box27
\lst@token=\toks16
\lst@length=\count89
\lst@currlwidth=\dimen105
\lst@column=\count90
\lst@pos=\count91
\lst@lostspace=\dimen106
\lst@width=\dimen107
\lst@newlines=\count92
\lst@lineno=\count93
\lst@maxwidth=\dimen108

(c:/texlive/2019/texmf-dist/tex/latex/listings/lstmisc.sty
File: lstmisc.sty 2019/09/10 1.8c (Carsten Heinz)
\c@lstnumber=\count94
\lst@skipnumbers=\count95
\lst@framebox=\box28
)
(c:/texlive/2019/texmf-dist/tex/latex/listings/listings.cfg
File: listings.cfg 2019/09/10 1.8c listings configuration
))
Package: listings 2019/09/10 1.8c (Carsten Heinz)

(c:/texlive/2019/texmf-dist/tex/latex/booktabs/booktabs.sty
Package: booktabs 2020/01/12 v1.61803398 Publication quality tables
\heavyrulewidth=\dimen109
\lightrulewidth=\dimen110
\cmidrulewidth=\dimen111
\belowrulesep=\dimen112
\belowbottomsep=\dimen113
\aboverulesep=\dimen114
\abovetopsep=\dimen115
\cmidrulesep=\dimen116
\cmidrulekern=\dimen117
\defaultaddspace=\dimen118
\@cmidla=\count96
\@cmidlb=\count97
\@aboverulesep=\dimen119
\@belowrulesep=\dimen120
\@thisruleclass=\count98
\@lastruleclass=\count99
\@thisrulewidth=\dimen121
)
\c@stepnum=\count100
 (./report.aux)
\openout1 = `report.aux'.

LaTeX Font Info:    Checking defaults for OML/cmm/m/it on input line 22.
LaTeX Font Info:    ... okay on input line 22.
LaTeX Font Info:    Checking defaults for T1/cmr/m/n on input line 22.
LaTeX Font Info:    ... okay on input line 22.
LaTeX Font Info:    Checking defaults for OT1/cmr/m/n on input line 22.
LaTeX Font Info:    ... okay on input line 22.
LaTeX Font Info:    Checking defaults for OMS/cmsy/m/n on input line 22.
LaTeX Font Info:    ... okay on input line 22.
LaTeX Font Info:    Checking defaults for OMX/cmex/m/n on input line 22.
LaTeX Font Info:    ... okay on input line 22.
LaTeX Font Info:    Checking defaults for U/cmr/m/n on input line 22.
LaTeX Font Info:    ... okay on input line 22.

(c:/texlive/2019/texmf-dist/tex/context/base/mkii/supp-pdf.mkii
[Loading MPS to PDF converter (version 2006.09.02).]
\scratchcounter=\count101
\scratchdimen=\dimen122
\scratchbox=\box29
\nofMPsegments=\count102
\nofMParguments=\count103
\everyMPshowfont=\toks17
\MPscratchCnt=\count104
\MPscratchDim=\dimen123
\MPnumerator=\count105
\makeMPintoPDFobject=\count106
\everyMPtoPDFconversion=\toks18
) (c:/texlive/2019/texmf-dist/tex/latex/epstopdf-pkg/epstopdf-base.sty
Package: epstopdf-base 2019-12-09 v2.10 Base part for package epstopdf
Package epstopdf-base Info: Redefining graphics rule for `.eps' on input line 4
85.

(c:/texlive/2019/texmf-dist/tex/latex/latexconfig/epstopdf-sys.cfg
File: epstopdf-sys.cfg 2010/07/13 v1.3 Configuration of (r)epstopdf for TeX Liv
e
))
\c@lstlisting=\count107
LaTeX Font Info:    External font `cmex10' loaded for size
(Font)              <14.4> on input line 24.
LaTeX Font Info:    External font `cmex10' loaded for size
(Font)              <7> on input line 24.

Underfull \hbox (badness 10000) in paragraph at lines 30--31

 []

LaTeX Font Info:    Trying to load font information for OMS+cmr on input line 3
4.
(c:/texlive/2019/texmf-dist/tex/latex/base/omscmr.fd
File: omscmr.fd 2014/09/29 v2.5h Standard LaTeX font definitions
)
LaTeX Font Info:    Font shape `OMS/cmr/m/n' in size <12> not available
(Font)              Font shape `OMS/cmsy/m/n' tried instead on input line 34.
 [1

{c:/texlive/2019/texmf-var/fonts/map/pdftex/updmap/pdftex.map}]
Underfull \hbox (badness 10000) in paragraph at lines 40--41

 []

[2]
Underfull \hbox (badness 10000) in paragraph at lines 59--60

 []


Underfull \hbox (badness 10000) in paragraph at lines 70--73

 []

[3]
Underfull \hbox (badness 10000) in paragraph at lines 86--87

 []


Underfull \hbox (badness 10000) in paragraph at lines 96--97

 []


Underfull \hbox (badness 10000) in paragraph at lines 105--106

 []

[4]
Underfull \hbox (badness 10000) in paragraph at lines 120--121

 []


Underfull \hbox (badness 10000) in paragraph at lines 122--123

 []

[5]
Underfull \hbox (badness 10000) in paragraph at lines 132--133

 []


Underfull \hbox (badness 10000) in paragraph at lines 134--135

 []


Underfull \hbox (badness 10000) in paragraph at lines 136--137

 []


Underfull \hbox (badness 10000) in paragraph at lines 138--139

 []

[6]
Underfull \hbox (badness 10000) in paragraph at lines 148--150

 []


Underfull \hbox (badness 10000) in paragraph at lines 151--152

 []


Underfull \hbox (badness 10000) in paragraph at lines 153--155

 []


Underfull \hbox (badness 10000) in paragraph at lines 156--158

 []

[7]
Underfull \hbox (badness 10000) in paragraph at lines 159--161

 []


Underfull \hbox (badness 10000) in paragraph at lines 162--164

 []


Overfull \hbox (13.73082pt too wide) in paragraph at lines 165--166
[]\OT1/cmtt/m/n/12 Reference\OT1/cmr/m/n/12 : https://www.nayuki.io/res/chemica
l-equation-balancer-javascript/chemical-
 []


Overfull \hbox (37.00534pt too wide) in paragraph at lines 185--189
[]\OT1/cmr/m/n/12 In the class Chem-i-cal En-tity, I would in-clude an-other ab
-stract method called get[]molar[]mass().
 []

[8]
Underfull \hbox (badness 10000) in paragraph at lines 209--210

 []

[9]
LaTeX Font Info:    External font `cmex10' loaded for size
(Font)              <12> on input line 213.
LaTeX Font Info:    External font `cmex10' loaded for size
(Font)              <8> on input line 213.
LaTeX Font Info:    External font `cmex10' loaded for size
(Font)              <6> on input line 213.

Underfull \hbox (badness 10000) in paragraph at lines 228--229

 []

[10] [11] (c:/texlive/2019/texmf-dist/tex/latex/listings/lstlang1.sty
File: lstlang1.sty 2019/09/10 1.8c listings language file
)
(../src/ChemTypes.py [12]) [13] (../src/ChemEntity.py
LaTeX Font Info:    Font shape `OMS/cmr/m/n' in size <6> not available
(Font)              Font shape `OMS/cmsy/m/n' tried instead on input line 7.
) [14] (../src/Equality.py) [15] (../src/Set.py [16]
LaTeX Font Info:    Trying to load font information for OML+cmr on input line 8
7.
 (c:/texlive/2019/texmf-dist/tex/latex/base/omlcmr.fd
File: omlcmr.fd 2014/09/29 v2.5h Standard LaTeX font definitions
)
LaTeX Font Info:    Font shape `OML/cmr/m/n' in size <6> not available
(Font)              Font shape `OML/cmm/m/it' tried instead on input line 87.
) [17] (../src/ElmSet.py) [18] (../src/MolecSet.py) [19] (../src/CompoundT.py) 
[20] (../src/ReactionT.py
LaTeX Font Info:    External font `cmex10' loaded for size
(Font)              <5> on input line 36.
 [21] [22]) [23] (../src/test_All.py [24] [25])
[26] (../partner/Set.py) [27] (../partner/MoleculeT.py) [28]
(../partner/CompoundT.py) [29] (../partner/ReactionT.py [30]) [31]
(./report.aux) ) 
Here is how much of TeX's memory you used:
 3361 strings out of 492162
 42780 string characters out of 6129062
 432325 words of memory out of 5000000
 7699 multiletter control sequences out of 15000+600000
 9024 words of font info for 32 fonts, out of 8000000 for 9000
 1141 hyphenation exceptions out of 8191
 30i,6n,40p,1183b,1709s stack positions out of 5000i,500n,10000p,200000b,80000s
<c:/texlive/2019/texmf-dist/fonts/type1/public/amsfonts/cm/cmbx
12.pfb><c:/texlive/2019/texmf-dist/fonts/type1/public/amsfonts/cm/cmbx6.pfb><c:
/texlive/2019/texmf-dist/fonts/type1/public/amsfonts/cm/cmmi12.pfb><c:/texlive/
2019/texmf-dist/fonts/type1/public/amsfonts/cm/cmmi6.pfb><c:/texlive/2019/texmf
-dist/fonts/type1/public/amsfonts/cm/cmr12.pfb><c:/texlive/2019/texmf-dist/font
s/type1/public/amsfonts/cm/cmr17.pfb><c:/texlive/2019/texmf-dist/fonts/type1/pu
blic/amsfonts/cm/cmr6.pfb><c:/texlive/2019/texmf-dist/fonts/type1/public/amsfon
ts/cm/cmsy10.pfb><c:/texlive/2019/texmf-dist/fonts/type1/public/amsfonts/cm/cms
y6.pfb><c:/texlive/2019/texmf-dist/fonts/type1/public/amsfonts/cm/cmti7.pfb><c:
/texlive/2019/texmf-dist/fonts/type1/public/amsfonts/cm/cmtt12.pfb>
Output written on report.pdf (31 pages, 209425 bytes).
PDF statistics:
 149 PDF objects out of 1000 (max. 8388607)
 103 compressed objects within 2 object streams
 0 named destinations out of 1000 (max. 500000)
 1 words of extra memory for PDF output out of 10000 (max. 10000000)

